{
  "stats": {
    "suites": 1,
    "tests": 1,
    "passes": 0,
    "pending": 0,
    "failures": 1,
    "start": "2021-02-19T15:16:08.400Z",
    "end": "2021-02-19T15:16:38.328Z",
    "duration": 29928,
    "testsRegistered": 1,
    "passPercent": 0,
    "pendingPercent": 0,
    "other": 0,
    "hasOther": false,
    "skipped": 0,
    "hasSkipped": false
  },
  "results": [
    {
      "uuid": "b4b780e6-014f-47ac-bb22-59ed3b167633",
      "title": "",
      "fullFile": "",
      "file": "",
      "beforeHooks": [],
      "afterHooks": [],
      "tests": [],
      "suites": [
        {
          "uuid": "59ace6e7-faf0-4ec5-a9db-f9c58738076a",
          "title": "Order",
          "fullFile": "C:\\Users\\tulio\\Documents\\projects\\takeaway\\tests\\order_test.js",
          "file": "\\tests\\order_test.js",
          "beforeHooks": [
            {
              "title": "\"before all\" hook: codeceptjs.beforeSuite in \"Order\"",
              "fullTitle": "Order \"before all\" hook: codeceptjs.beforeSuite in \"Order\"",
              "timedOut": false,
              "duration": 1,
              "state": null,
              "speed": null,
              "pass": false,
              "fail": false,
              "pending": false,
              "context": null,
              "code": "scenario.suiteSetup(suite)",
              "err": {},
              "uuid": "bb7f6b85-ff71-49bf-97d2-4f49be25762c",
              "parentUUID": "59ace6e7-faf0-4ec5-a9db-f9c58738076a",
              "isHook": true,
              "skipped": false
            },
            {
              "title": "\"before each\" hook: codeceptjs.before in \"Order\"",
              "fullTitle": "Order \"before each\" hook: codeceptjs.before in \"Order\"",
              "timedOut": false,
              "duration": 552,
              "state": null,
              "speed": null,
              "pass": false,
              "fail": false,
              "pending": false,
              "context": null,
              "code": "scenario.setup(suite)",
              "err": {},
              "uuid": "9d73ea06-50e8-4a3f-bbc6-2c2fa000a1c3",
              "parentUUID": "59ace6e7-faf0-4ec5-a9db-f9c58738076a",
              "isHook": true,
              "skipped": false
            }
          ],
          "afterHooks": [
            {
              "title": "\"after all\" hook: codeceptjs.afterSuite in \"Order\"",
              "fullTitle": "Order \"after all\" hook: codeceptjs.afterSuite in \"Order\"",
              "timedOut": false,
              "duration": 0,
              "state": null,
              "speed": null,
              "pass": false,
              "fail": false,
              "pending": false,
              "context": null,
              "code": "scenario.suiteTeardown(suite)",
              "err": {},
              "uuid": "fd886dba-34be-418f-8dea-dda35b9c5f4e",
              "parentUUID": "59ace6e7-faf0-4ec5-a9db-f9c58738076a",
              "isHook": true,
              "skipped": false
            },
            {
              "title": "\"after each\" hook: finalize codeceptjs in \"Order\"",
              "fullTitle": "Order \"after each\" hook: finalize codeceptjs in \"Order\"",
              "timedOut": false,
              "duration": 280,
              "state": null,
              "speed": null,
              "pass": false,
              "fail": false,
              "pending": false,
              "context": null,
              "code": "scenario.teardown(suite)",
              "err": {},
              "uuid": "11ae1eee-09f8-4419-8d52-784faf502d46",
              "parentUUID": "59ace6e7-faf0-4ec5-a9db-f9c58738076a",
              "isHook": true,
              "skipped": false
            }
          ],
          "tests": [
            {
              "title": "Order successfully",
              "fullTitle": "Order: Order successfully",
              "timedOut": false,
              "duration": 29090,
              "state": "failed",
              "speed": null,
              "pass": false,
              "fail": true,
              "pending": false,
              "context": "\"Order_succ_44c5d0e0-1ff5-4c4c-aebe-1ad92e744e13.failed.png\"",
              "code": "I, homePage, searchPage, restaurantPage, orderPage, successPage}) => {\n    I.amOnPage('');\n    homePage.fillAddress('Dłusko 12, 78-630 Dłusko');\n    searchPage.clickRestaurant();\n    restaurantPage.addPopularItem();\n    restaurantPage.goToCheckout();\n    orderPage.fillNameField('Take away name', 'take@away.com', '123456789');\n    orderPage.selectPayment();\n    \n    restaurantPage.openDetailsPayment();\n    restaurantPage.selectPayment();\n    restaurantPage.acceptPayment();\n    restaurantPage.submitOrder();\n    I.seeInCurrentUrl('/foodtracker?tracskingid=');\n    I.seeElementInDOM(successPage.mapElement)\n    I.see('TEST Restaurant Selenium')\n    I.seeElementInDOM(successPage.tipStep)\n    I.seeElementInDOM(successPage.overview)\n    I.seeElementInDOM(successPage.purchaseid)",
              "err": {
                "message": null,
                "estack": null,
                "diff": "- https://www.pyszne.pl/foodtracker?trackingid=4381669311492\n+ /foodtracker?tracskingid=\n"
              },
              "uuid": "44c5d0e0-1ff5-4c4c-aebe-1ad92e744e13",
              "parentUUID": "59ace6e7-faf0-4ec5-a9db-f9c58738076a",
              "isHook": false,
              "skipped": false
            }
          ],
          "suites": [],
          "passes": [],
          "failures": [
            "44c5d0e0-1ff5-4c4c-aebe-1ad92e744e13"
          ],
          "pending": [],
          "skipped": [],
          "duration": 29090,
          "root": false,
          "rootEmpty": false,
          "_timeout": 0
        }
      ],
      "passes": [],
      "failures": [],
      "pending": [],
      "skipped": [],
      "duration": 0,
      "root": true,
      "rootEmpty": true,
      "_timeout": 0
    }
  ],
  "meta": {
    "mocha": {
      "version": "8.1.3"
    },
    "mochawesome": {
      "options": {
        "quiet": false,
        "reportFilename": "mochawesome",
        "saveHtml": true,
        "saveJson": true,
        "consoleReporter": "spec",
        "useInlineDiffs": false,
        "code": true
      },
      "version": "6.2.2"
    },
    "marge": {
      "options": {
        "reportDir": "output"
      },
      "version": "5.2.0"
    }
  }
}